
<testsuite name='test.org.osgi.test.cases.framework.launch' tests='50' time='5.110' failures='0' skipped='0' target='/Users/David/clones/osgi-build_2/org.osgi.test.cases.framework.launch/generated/org.osgi.test.cases.framework.launch.jar' timestamp='2014-03-13T08:29:59' hostname='Davids-MacBook-Pro.local' framework='Mini framework' errors='0' framework-version='1.0.0'>
  <properties>
    <property name='java.vendor' value='Apple Inc.'/>
    <property name='sun.java.launcher' value='SUN_STANDARD'/>
    <property name='sun.management.compiler' value='HotSpot 64-Bit Tiered Compilers'/>
    <property name='os.name' value='Mac OS X'/>
    <property name='sun.boot.class.path' value='/System/Library/Java/JavaVirtualMachines/1.6.0.jdk/Contents/Classes/jsfd.jar:/System/Library/Java/JavaVirtualMachines/1.6.0.jdk/Contents/Classes/classes.jar:/System/Library/Frameworks/JavaVM.framework/Frameworks/JavaRuntimeSupport.framework/Resources/Java/JavaRuntimeSupport.jar:/System/Library/Java/JavaVirtualMachines/1.6.0.jdk/Contents/Classes/ui.jar:/System/Library/Java/JavaVirtualMachines/1.6.0.jdk/Contents/Classes/laf.jar:/System/Library/Java/JavaVirtualMachines/1.6.0.jdk/Contents/Classes/sunrsasign.jar:/System/Library/Java/JavaVirtualMachines/1.6.0.jdk/Contents/Classes/jsse.jar:/System/Library/Java/JavaVirtualMachines/1.6.0.jdk/Contents/Classes/jce.jar:/System/Library/Java/JavaVirtualMachines/1.6.0.jdk/Contents/Classes/charsets.jar'/>
    <property name='tester.continuous' value='false'/>
    <property name='report' value='true'/>
    <property name='java.vm.specification.vendor' value='Sun Microsystems Inc.'/>
    <property name='java.runtime.version' value='1.6.0_65-b14-462-11M4609'/>
    <property name='launch.services' value='false'/>
    <property name='launcher.properties' value='/Users/David/clones/osgi-build_2/org.osgi.test.cases.framework.launch/generated/launch8937444404558325410.properties'/>
    <property name='user.name' value='David'/>
    <property name='awt.nativeDoubleBuffering' value='true'/>
    <property name='launch.bundles' value='/Users/David/clones/osgi-build_2/org.osgi.test.cases.framework.launch/generated/org.osgi.test.cases.framework.launch.jar'/>
    <property name='tester.trace' value='true'/>
    <property name='user.language' value='en'/>
    <property name='sun.boot.library.path' value='/System/Library/Java/JavaVirtualMachines/1.6.0.jdk/Contents/Libraries'/>
    <property name='java.version' value='1.6.0_65'/>
    <property name='user.timezone' value='Europe/Dublin'/>
    <property name='tester.dir' value='/Users/David/clones/osgi-build_2/org.osgi.test.cases.framework.launch/generated/test-reports'/>
    <property name='sun.arch.data.model' value='64'/>
    <property name='http.nonProxyHosts' value='local|*.local|169.254/16|*.169.254/16'/>
    <property name='java.endorsed.dirs' value='/System/Library/Java/JavaVirtualMachines/1.6.0.jdk/Contents/Home/lib/endorsed'/>
    <property name='sun.cpu.isalist' value=''/>
    <property name='sun.jnu.encoding' value='MacRoman'/>
    <property name='file.encoding.pkg' value='sun.io'/>
    <property name='file.separator' value='/'/>
    <property name='java.specification.name' value='Java Platform API Specification'/>
    <property name='java.class.version' value='50.0'/>
    <property name='user.country' value='US'/>
    <property name='java.home' value='/System/Library/Java/JavaVirtualMachines/1.6.0.jdk/Contents/Home'/>
    <property name='java.vm.info' value='mixed mode'/>
    <property name='os.version' value='10.9.2'/>
    <property name='path.separator' value=':'/>
    <property name='java.vm.version' value='20.65-b04-462'/>
    <property name='java.awt.printerjob' value='apple.awt.CPrinterJob'/>
    <property name='sun.io.unicode.encoding' value='UnicodeLittle'/>
    <property name='awt.toolkit' value='apple.awt.CToolkit'/>
    <property name='socksNonProxyHosts' value='local|*.local|169.254/16|*.169.254/16'/>
    <property name='ftp.nonProxyHosts' value='local|*.local|169.254/16|*.169.254/16'/>
    <property name='user.home' value='/Users/David'/>
    <property name='java.specification.vendor' value='Sun Microsystems Inc.'/>
    <property name='java.library.path' value='.:/Library/Java/Extensions:/System/Library/Java/Extensions:/usr/lib/java'/>
    <property name='java.vendor.url' value='http://www.apple.com/'/>
    <property name='java.vm.vendor' value='Apple Inc.'/>
    <property name='gopherProxySet' value='false'/>
    <property name='java.runtime.name' value='Java(TM) SE Runtime Environment'/>
    <property name='sun.java.command' value='aQute.launcher.Launcher'/>
    <property name='java.class.path' value='/Users/David/checkouts/felix/framework/target/org.apache.felix.framework-4.3.0-SNAPSHOT.jar:/Users/David/clones/osgi-build_2/licensed/repo/com.springsource.junit/com.springsource.junit-3.8.2.jar:/Users/David/clones/osgi-build_2/cnf/cache/biz.aQute.launcher/biz.aQute.launcher-latest.jar:/Users/David/clones/osgi-build_2/cnf/cache/biz.aQute.junit/biz.aQute.junit-latest.jar'/>
    <property name='launch.name' value='org.osgi.test.cases.framework.launch'/>
    <property name='launch.timeout' value='0'/>
    <property name='launch.storage.dir' value='/Users/David/clones/osgi-build_2/org.osgi.test.cases.framework.launch/generated/fw'/>
    <property name='launch.keep' value='false'/>
    <property name='java.vm.specification.name' value='Java Virtual Machine Specification'/>
    <property name='java.vm.specification.version' value='1.0'/>
    <property name='sun.cpu.endian' value='little'/>
    <property name='sun.os.patch.level' value='unknown'/>
    <property name='java.io.tmpdir' value='/var/folders/fk/0n8fx3k91ls8lh981zzmm2lh0000gn/T/'/>
    <property name='java.vendor.url.bug' value='http://bugreport.apple.com/'/>
    <property name='mrj.build' value='11M4609'/>
    <property name='os.arch' value='x86_64'/>
    <property name='java.awt.graphicsenv' value='apple.awt.CGraphicsEnvironment'/>
    <property name='java.ext.dirs' value='/Library/Java/Extensions:/System/Library/Java/Extensions:/System/Library/Java/JavaVirtualMachines/1.6.0.jdk/Contents/Home/lib/ext'/>
    <property name='mrj.version' value='1070.1.6.0_65-462'/>
    <property name='user.dir' value='/Users/David/clones/osgi-build_2/org.osgi.test.cases.framework.launch'/>
    <property name='launch.trace' value='true'/>
    <property name='line.separator' value='
'/>
    <property name='java.vm.name' value='Java HotSpot(TM) 64-Bit Server VM'/>
    <property name='osgi.resolverMode' value='strict'/>
    <property name='launch.embedded' value='false'/>
    <property name='launch.activators' value='aQute.junit.Activator'/>
    <property name='file.encoding' value='MacRoman'/>
    <property name='org.osgi.test.cases.framework.launch.storageroot' value='generated/org.osgi.test.cases.framework.launch.testStorageRoot'/>
    <property name='launch.system.packages' value='org.osgi.framework.startlevel;uses:="org.osgi.framework";version="1.0",org.osgi.framework.wiring;uses:="org.osgi.resource,org.osgi.framework";version="1.1",org.osgi.framework.hooks.bundle;uses:="org.osgi.framework";version="1.1",org.osgi.framework.hooks.service;uses:="org.osgi.framework";version="1.1",org.osgi.framework.hooks.resolver;uses:="org.osgi.framework.wiring";version="1.0",org.osgi.framework.namespace;uses:="org.osgi.resource";version="1.0",org.osgi.framework.launch;uses:="org.osgi.framework";version="1.1",org.osgi.framework;version="1.7",org.osgi.framework.hooks.weaving;uses:="org.osgi.framework.wiring";version="1.0",org.osgi.resource;version="1.0",org.osgi.service.url;version="1.0",org.osgi.service.packageadmin;uses:="org.osgi.framework";version="1.2",org.osgi.service.startlevel;uses:="org.osgi.framework";version="1.1",org.osgi.util.tracker;uses:="org.osgi.framework";version="1.5.1",junit.awtui;version="3.8.2";uses:="junit.framework",junit.extensions;version="3.8.2";uses:="junit.framework",junit.framework;version="3.8.2",junit.runner;version="3.8.2";uses:="junit.framework",junit.swingui;version="3.8.2";uses:="javax.swing,javax.swing.event,javax.swing.tree,junit.framework,junit.runner",junit.swingui.icons;version="3.8.2",junit.textui;version="3.8.2";uses:="junit.framework,junit.runner",org.junit;version="4.10";uses:="org.junit.internal,org.junit.internal.matchers",org.junit.experimental;version="4.10";uses:="org.junit.runners,org.junit.runner,org.junit.runners.model",org.junit.experimental.categories;version="4.10";uses:="org.junit.runners,org.junit.runner.manipulation,org.junit.runner,org.junit.runners.model",org.junit.experimental.max;version="4.10";uses:="org.junit.runners,org.junit.internal.requests,org.junit.runner.notification,org.junit.internal.runners,org.junit.runner,org.junit.runners.model,junit.framework",org.junit.experimental.results;version="4.10";uses:="org.junit.runner.notification,org.junit.internal,org.junit.runner,org.junit.internal.matchers",org.junit.experimental.runners;version="4.10";uses:="org.junit.runners,org.junit.runners.model",org.junit.experimental.theories;version="4.10";uses:="org.junit.runners,org.junit.internal,org.junit,org.junit.runners.model,org.junit.experimental.theories.internal",org.junit.experimental.theories.internal;version="4.10";uses:="org.junit.runners.model,org.junit.experimental.theories",org.junit.experimental.theories.suppliers;version="4.10";uses:="org.junit.experimental.theories",org.junit.internal;version="4.10";uses:="org.junit.runner.notification,org.junit,org.junit.runner",org.junit.internal.builders;version="4.10";uses:="org.junit.runners,org.junit.runner.notification,org.junit.internal.runners,org.junit,org.junit.runner,org.junit.runners.model,junit.framework",org.junit.internal.matchers;version="4.10",org.junit.internal.requests;version="4.10";uses:="org.junit.runner.manipulation,org.junit.internal.runners,org.junit.runner,org.junit.internal.builders",org.junit.internal.runners;version="4.10";uses:="org.junit.runner.notification,org.junit.internal,org.junit.runner.manipulation,org.junit,org.junit.runner,org.junit.runners.model,junit.framework",org.junit.internal.runners.model;version="4.10";uses:="org.junit.runner.notification,org.junit.internal,org.junit.runner,org.junit.runners.model",org.junit.internal.runners.rules;version="4.10";uses:="org.junit,org.junit.runners.model,org.junit.rules",org.junit.internal.runners.statements;version="4.10";uses:="org.junit.internal,org.junit.runners.model",org.junit.matchers;version="4.10";uses:="org.junit.internal.matchers",org.junit.rules;version="4.10";uses:="org.junit.internal,org.junit,org.junit.runner,org.junit.runners.model,org.junit.matchers,org.junit.internal.matchers,org.junit.internal.runners.statements",org.junit.runner;version="4.10";uses:="org.junit.runners,org.junit.internal.requests,org.junit.runner.notification,org.junit.internal,org.junit.runner.manipulation,org.junit.internal.runners,org.junit.runners.model,org.junit.internal.builders,junit.framework",org.junit.runner.manipulation;version="4.10";uses:="org.junit.runner",org.junit.runner.notification;version="4.10";uses:="org.junit.runner",org.junit.runners;version="4.10";uses:="org.junit.runner.notification,org.junit.internal,org.junit.runner.manipulation,org.junit.internal.runners,org.junit,org.junit.runner,org.junit.internal.runners.rules,org.junit.runners.model,org.junit.internal.builders,org.junit.internal.runners.model,org.junit.internal.runners.statements,org.junit.rules",org.junit.runners.model;version="4.10";uses:="org.junit.internal.runners,org.junit,org.junit.runner,org.junit.internal.runners.model"'/>
    <property name='java.specification.version' value='1.6'/>
  </properties>
  <bundles>
    <bundle version='1.0.0' location='System Bundle' bsn='system.bundle' modified='1970-01-01T01:00:00' state='32' id='0'/>
    <bundle version='5.0.0.201403130829' location='/Users/David/clones/osgi-build_2/org.osgi.test.cases.framework.launch/generated/org.osgi.test.cases.framework.launch.jar' bsn='org.osgi.test.cases.framework.launch' modified='2014-03-13T08:29:53' state='32' target='true' id='2'/>
  </bundles>
<coverage>
  <class name="org.osgi.framework.launch.Framework" package="org.osgi.framework.launch" short="Framework">
    <method pretty="adapt" public="true" constructor="false" name="adapt" descriptor="(Ljava/lang/Class;)Ljava/lang/Object;"/>
    <method pretty="findEntries" public="true" constructor="false" name="findEntries" descriptor="(Ljava/lang/String;Ljava/lang/String;Z)Ljava/util/Enumeration;"/>
    <method pretty="getBundleId" public="true" constructor="false" name="getBundleId" descriptor="()J"/>
    <method pretty="getEntry" public="true" constructor="false" name="getEntry" descriptor="(Ljava/lang/String;)Ljava/net/URL;"/>
    <method pretty="getEntryPaths" public="true" constructor="false" name="getEntryPaths" descriptor="(Ljava/lang/String;)Ljava/util/Enumeration;"/>
    <method pretty="getLocation" public="true" constructor="false" name="getLocation" descriptor="()Ljava/lang/String;"/>
    <method pretty="getSymbolicName" public="true" constructor="false" name="getSymbolicName" descriptor="()Ljava/lang/String;"/>
    <method pretty="init" public="true" constructor="false" name="init" descriptor="()V"/>
  </class>
  <class name="org.osgi.framework.launch.FrameworkFactory" package="org.osgi.framework.launch" short="FrameworkFactory">
    <method pretty="newFramework" public="true" constructor="false" name="newFramework" descriptor="(Ljava/util/Map;)Lorg/osgi/framework/launch/Framework;"/>
  </class>
  <class name="org.osgi.framework.launch.Framework" package="org.osgi.framework.launch" short="Framework">
    <method pretty="start" public="true" constructor="false" name="start" descriptor="()V"/>
    <method pretty="stop" public="true" constructor="false" name="stop" descriptor="()V"/>
    <method pretty="uninstall" public="true" constructor="false" name="uninstall" descriptor="()V"/>
    <method pretty="update" public="true" constructor="false" name="update" descriptor="()V"/>
    <method pretty="waitForStop" public="true" constructor="false" name="waitForStop" descriptor="(J)Lorg/osgi/framework/FrameworkEvent;"/>
  </class>
</coverage>

  <testcase name='testBadExtensionBundle' time='0.182' classname='org.osgi.test.cases.framework.launch.junit.ExtensionBundleTests'/>
  <testcase name='testFrameworkExtensionBundle' time='0.91' classname='org.osgi.test.cases.framework.launch.junit.ExtensionBundleTests'/>
  <testcase name='testFrameworkExtensionBundleLoadClass' time='0.61' classname='org.osgi.test.cases.framework.launch.junit.ExtensionBundleTests'/>
  <testcase name='testFrameworkExtensionDefault' time='0.68' classname='org.osgi.test.cases.framework.launch.junit.ExtensionBundleTests'/>
  <testcase name='testFrameworkExtensionNativeCode' time='0.61' classname='org.osgi.test.cases.framework.launch.junit.ExtensionBundleTests'/>
  <testcase name='testFrameworkExtensionImportPackage' time='0.62' classname='org.osgi.test.cases.framework.launch.junit.ExtensionBundleTests'/>
  <testcase name='testFrameworkExtensionRequireBundle' time='0.64' classname='org.osgi.test.cases.framework.launch.junit.ExtensionBundleTests'/>
  <testcase name='testBasicCreate' time='0.14' classname='org.osgi.test.cases.framework.launch.junit.FrameworkLaunchTests'/>
  <testcase name='testInitStop' time='0.9' classname='org.osgi.test.cases.framework.launch.junit.FrameworkLaunchTests'/>
  <testcase name='testStartStop' time='0.9' classname='org.osgi.test.cases.framework.launch.junit.FrameworkLaunchTests'/>
  <testcase name='testRestarts' time='0.12' classname='org.osgi.test.cases.framework.launch.junit.FrameworkLaunchTests'/>
  <testcase name='testUpdate' time='2.224' classname='org.osgi.test.cases.framework.launch.junit.FrameworkLaunchTests'/>
  <testcase name='testStartLevel' time='0.14' classname='org.osgi.test.cases.framework.launch.junit.FrameworkLaunchTests'/>
  <testcase name='testSystemServices' time='0.9' classname='org.osgi.test.cases.framework.launch.junit.FrameworkLaunchTests'/>
  <testcase name='testAdaptations' time='0.9' classname='org.osgi.test.cases.framework.launch.junit.FrameworkLaunchTests'/>
  <testcase name='testStorageArea' time='0.680' classname='org.osgi.test.cases.framework.launch.junit.FrameworkLaunchTests'/>
  <testcase name='testSystemPackagesExtra' time='0.36' classname='org.osgi.test.cases.framework.launch.junit.FrameworkLaunchTests'/>
  <testcase name='testLibraryExtensions' time='0.111' classname='org.osgi.test.cases.framework.launch.junit.FrameworkLaunchTests'/>
  <testcase name='testWaitForStop' time='1.9' classname='org.osgi.test.cases.framework.launch.junit.FrameworkLaunchTests'/>
  <testcase name='testBootDelegation' time='0.93' classname='org.osgi.test.cases.framework.launch.junit.FrameworkLaunchTests'/>
  <testcase name='testParentClassLoader' time='0.55' classname='org.osgi.test.cases.framework.launch.junit.FrameworkLaunchTests'/>
  <testcase name='testExecPermission' time='0.44' classname='org.osgi.test.cases.framework.launch.junit.FrameworkLaunchTests'/>
  <testcase name='testMultipBSNVersion' time='0.128' classname='org.osgi.test.cases.framework.launch.junit.FrameworkLaunchTests'/>
  <testcase name='testUUID' time='0.24' classname='org.osgi.test.cases.framework.launch.junit.FrameworkLaunchTests'/>
  <testcase name='testSignatures' time='0.8' classname='org.osgi.test.cases.framework.launch.junit.SignatureTestCase'>
    <system-out>
      #Checking class: org.osgi.framework.launch.Framework
#visit
       org.osgi.framework.launch.Framework.init ()V
#visit org.osgi.framework.launch.Framework.waitForStop
       (J)Lorg/osgi/framework/FrameworkEvent;
#visit org.osgi.framework.launch.Framework.start
       ()V
#visit org.osgi.framework.launch.Framework.start (I)V
      
#visit org.osgi.framework.launch.Framework.stop ()V
#visit
       org.osgi.framework.launch.Framework.stop (I)V
#visit org.osgi.framework.launch.Framework.uninstall
       ()V
#visit org.osgi.framework.launch.Framework.update ()V
      
#visit org.osgi.framework.launch.Framework.update (Ljava/io/InputStream;)V
      
#visit org.osgi.framework.launch.Framework.getBundleId ()J
      
#visit org.osgi.framework.launch.Framework.getLocation ()Ljava/lang/String;
      
#visit org.osgi.framework.launch.Framework.getSymbolicName
       ()Ljava/lang/String;
#visit org.osgi.framework.launch.Framework.getEntryPaths
       (Ljava/lang/String;)Ljava/util/Enumeration;
#visit org.osgi.framework.launch.Framework.getEntry
       (Ljava/lang/String;)Ljava/net/URL;
#visit org.osgi.framework.launch.Framework.findEntries
       (Ljava/lang/String;Ljava/lang/String;Z)Ljava/util/Enumeration;
      
#visit org.osgi.framework.launch.Framework.adapt (Ljava/lang/Class;)Ljava/lang/Object;
      
#Checking class: org.osgi.framework.launch.FrameworkFactory
      
#visit org.osgi.framework.launch.FrameworkFactory.newFramework
       (Ljava/util/Map;)Lorg/osgi/framework/launch/Framework;
    </system-out>
  </testcase>
</testsuite>